-----------------------------------------------------------------------------------
      name:  <unnamed>
       log:  /Users/khaykingleb/Desktop/Personal/Work/HSE/Current_Semester/Stata-Co
> urse/seminars/sem_07/log_2.log
  log type:  text
 opened on:  21 May 2021, 14:51:11

. use auction_data.dta, clear

. 
end of do-file

. do "/var/folders/ww/4125jjb51pj3363rfldx4rm00000gn/T//SD10601.000000"

. clear all

. //set scheme s1mono
. set obs 1000 // generate N=1000
number of observations (_N) was 0, now 1,000

. 
end of do-file

. do "/var/folders/ww/4125jjb51pj3363rfldx4rm00000gn/T//SD10601.000000"

. set seed 101010 // set the simulation seed to get same results

. gen s = 10 + 5 * rnormal(0,1)

. 
end of do-file

. do "/var/folders/ww/4125jjb51pj3363rfldx4rm00000gn/T//SD10601.000000"

. global s_star = 10

. global sigma = 100

. gen x= s - $s_star // define x as (s–s*)

. gen w=1 if s > $s_star // define treatment
(491 missing values generated)

. replace w=0 if s <= $s_star
(491 real changes made)

. 
end of do-file

. do "/var/folders/ww/4125jjb51pj3363rfldx4rm00000gn/T//SD10601.000000"

. gen y1 = 600 + 6.5*x - 2*x^2 + 0.001*x^3 + rnormal(0,$sigma) // generate y1

. gen y0 = 200 + 6.5*x - 0.20*x^2 + 0.01*x^3 + rnormal(0,$sigma) // generate y0

. 
end of do-file

. do "/var/folders/ww/4125jjb51pj3363rfldx4rm00000gn/T//SD10601.000000"

. gen y = y0 + w*(y1 - y0) // generate the observable outcome by POM

. 
end of do-file

. do "/var/folders/ww/4125jjb51pj3363rfldx4rm00000gn/T//SD10601.000000"

. // Histogramms: see the difference in distribution of outcomes below and above th
> e threshold
. twoway ///
> hist y if s>$s_star, barw(60) bcolor(gray) ///
> || ///
> hist y if s<$s_star , barw(60) bcolor(black) ///
> legend(order(1 "Right side" 2 "Left side") pos(11) col(1) ring(0)) ///
> xtitle() ytitle(Frequency) ylabel()

. 
end of do-file

. do "/var/folders/ww/4125jjb51pj3363rfldx4rm00000gn/T//SD10601.000000"

. hist s , xline(10) 
(bin=29, start=-3.5512233, width=1.05213)

. 
end of do-file

. do "/var/folders/ww/4125jjb51pj3363rfldx4rm00000gn/T//SD10601.000000"

. DCdensity s, breakpoint($s_star) generate(Xj Yj r0 fhat se_fhat)
command DCdensity is unrecognized
r(199);

end of do-file

r(199);

